# JRE version: Java(TM) SE Runtime Environment (10.0.1+10) (build 10.0.1+10)
# Java VM: Java HotSpot(TM) 64-Bit Server VM (10.0.1+10, mixed mode, tiered, compressed oops, g1 gc, windows-amd64)
Heap:
 garbage-first heap   total 942080K, used 270967K [0x00000000a0000000, 0x0000000100000000)
  region size 1024K, 15 young (15360K), 15 survivors (15360K)
 Metaspace       used 109110K, capacity 111923K, committed 112072K, reserved 1148928K
  class space    used 12406K, capacity 13212K, committed 13256K, reserved 1048576K
GC Heap History (10 events):
Event: 13967.628 GC heap after
{Heap after GC invocations=213 (full 0):
 garbage-first heap   total 294912K, used 204800K [0x00000000a0000000, 0x0000000100000000)
  region size 1024K, 6 young (6144K), 6 survivors (6144K)
 Metaspace       used 109032K, capacity 111783K, committed 112072K, reserved 1148928K
  class space    used 12400K, capacity 13209K, committed 13256K, reserved 1048576K
}
Event: 13967.778 GC heap before
{Heap before GC invocations=213 (full 0):
 garbage-first heap   total 294912K, used 240640K [0x00000000a0000000, 0x0000000100000000)
  region size 1024K, 41 young (41984K), 6 survivors (6144K)
 Metaspace       used 109032K, capacity 111783K, committed 112072K, reserved 1148928K
  class space    used 12400K, capacity 13209K, committed 13256K, reserved 1048576K
}
Event: 13967.854 GC heap after
{Heap after GC invocations=214 (full 0):
 garbage-first heap   total 624640K, used 214528K [0x00000000a0000000, 0x0000000100000000)
  region size 1024K, 6 young (6144K), 6 survivors (6144K)
 Metaspace       used 109032K, capacity 111783K, committed 112072K, reserved 1148928K
  class space    used 12400K, capacity 13209K, committed 13256K, reserved 1048576K
}
Event: 13968.534 GC heap before
{Heap before GC invocations=215 (full 0):
 garbage-first heap   total 624640K, used 341504K [0x00000000a0000000, 0x0000000100000000)
  region size 1024K, 128 young (131072K), 6 survivors (6144K)
 Metaspace       used 109038K, capacity 111783K, committed 112072K, reserved 1148928K
  class space    used 12400K, capacity 13209K, committed 13256K, reserved 1048576K
}
Event: 13968.633 GC heap after
{Heap after GC invocations=216 (full 0):
 garbage-first heap   total 624640K, used 247680K [0x00000000a0000000, 0x0000000100000000)
  region size 1024K, 16 young (16384K), 16 survivors (16384K)
 Metaspace       used 109038K, capacity 111783K, committed 112072K, reserved 1148928K
  class space    used 12400K, capacity 13209K, committed 13256K, reserved 1048576K
}
Event: 13968.691 GC heap before
{Heap before GC invocations=216 (full 0):
 garbage-first heap   total 624640K, used 262016K [0x00000000a0000000, 0x0000000100000000)
  region size 1024K, 30 young (30720K), 16 survivors (16384K)
 Metaspace       used 109039K, capacity 111783K, committed 112072K, reserved 1148928K
  class space    used 12400K, capacity 13209K, committed 13256K, reserved 1048576K
}
Event: 13968.773 GC heap after
{Heap after GC invocations=217 (full 0):
 garbage-first heap   total 624640K, used 249344K [0x00000000a0000000, 0x0000000100000000)
  region size 1024K, 4 young (4096K), 4 survivors (4096K)
 Metaspace       used 109039K, capacity 111783K, committed 112072K, reserved 1148928K
  class space    used 12400K, capacity 13209K, committed 13256K, reserved 1048576K
}
Event: 13968.987 GC heap before
{Heap before GC invocations=217 (full 0):
 garbage-first heap   total 624640K, used 266752K [0x00000000a0000000, 0x0000000100000000)
  region size 1024K, 22 young (22528K), 4 survivors (4096K)
 Metaspace       used 109040K, capacity 111783K, committed 112072K, reserved 1148928K
  class space    used 12400K, capacity 13209K, committed 13256K, reserved 1048576K
}
Event: 13969.026 GC heap after
{Heap after GC invocations=218 (full 0):
 garbage-first heap   total 624640K, used 252710K [0x00000000a0000000, 0x0000000100000000)
  region size 1024K, 8 young (8192K), 8 survivors (8192K)
 Metaspace       used 109040K, capacity 111783K, committed 112072K, reserved 1148928K
  class space    used 12400K, capacity 13209K, committed 13256K, reserved 1048576K
}
Event: 13970.119 GC heap before
{Heap before GC invocations=219 (full 0):
 garbage-first heap   total 624640K, used 363302K [0x00000000a0000000, 0x0000000100000000)
  region size 1024K, 113 young (115712K), 8 survivors (8192K)
 Metaspace       used 109110K, capacity 111923K, committed 112072K, reserved 1148928K
  class space    used 12406K, capacity 13212K, committed 13256K, reserved 1048576K
}

